Building kernel and modules...
  DESCEND objtool
  CALL    scripts/checksyscalls.sh
  INSTALL libsubcmd_headers
  LD      vmlinux.o
  GEN     modules.builtin.modinfo
  GEN     modules.builtin
  MODPOST vmlinux.symvers
  UPD     include/generated/utsversion.h
  CC      init/version-timestamp.o
  KSYMS   .tmp_vmlinux0.kallsyms.S
  AS      .tmp_vmlinux0.kallsyms.o
  LD      .tmp_vmlinux1
  NM      .tmp_vmlinux1.syms
  KSYMS   .tmp_vmlinux1.kallsyms.S
  AS      .tmp_vmlinux1.kallsyms.o
  LD      .tmp_vmlinux2
  NM      .tmp_vmlinux2.syms
  KSYMS   .tmp_vmlinux2.kallsyms.S
  AS      .tmp_vmlinux2.kallsyms.o
  LD      vmlinux.unstripped
  NM      System.map
  SORTTAB vmlinux.unstripped
  OBJCOPY vmlinux
  TEST    posttest
  arch/x86/tools/insn_decoder_test: success: Decoded and checked 8007262 instructions
  TEST    posttest
  arch/x86/tools/insn_sanity: success: Decoded and checked 1000000 random instructions with 0 errors (seed:0x851804dd)
  CC      arch/x86/boot/version.o
  VOFFSET arch/x86/boot/compressed/../voffset.h
  OBJCOPY arch/x86/boot/compressed/vmlinux.bin
  RELOCS  arch/x86/boot/compressed/vmlinux.relocs
  CC      arch/x86/boot/compressed/kaslr.o
  CC      arch/x86/boot/compressed/misc.o
  ZSTD22  arch/x86/boot/compressed/vmlinux.bin.zst
  MKPIGGY arch/x86/boot/compressed/piggy.S
  AS      arch/x86/boot/compressed/piggy.o
  LD      arch/x86/boot/compressed/vmlinux
  ZOFFSET arch/x86/boot/zoffset.h
  OBJCOPY arch/x86/boot/vmlinux.bin
  AS      arch/x86/boot/header.o
  LD      arch/x86/boot/setup.elf
  OBJCOPY arch/x86/boot/setup.bin
  BUILD   arch/x86/boot/bzImage
Kernel: arch/x86/boot/bzImage is ready  (#2)
  DESCEND objtool
  CALL    scripts/checksyscalls.sh
  INSTALL libsubcmd_headers
  MODPOST Module.symvers
Installing modules...
  SYMLINK /lib/modules/6.17.8/build
  INSTALL /lib/modules/6.17.8/modules.order
  INSTALL /lib/modules/6.17.8/modules.builtin
  INSTALL /lib/modules/6.17.8/modules.builtin.modinfo
  INSTALL /lib/modules/6.17.8/kernel/arch/x86/events/intel/intel-uncore.ko
  SIGN    /lib/modules/6.17.8/kernel/arch/x86/events/intel/intel-uncore.ko
  INSTALL /lib/modules/6.17.8/kernel/arch/x86/events/intel/intel-cstate.ko
  SIGN    /lib/modules/6.17.8/kernel/arch/x86/events/intel/intel-cstate.ko
  INSTALL /lib/modules/6.17.8/kernel/arch/x86/events/rapl.ko
  SIGN    /lib/modules/6.17.8/kernel/arch/x86/events/rapl.ko
  INSTALL /lib/modules/6.17.8/kernel/arch/x86/crypto/ghash-clmulni-intel.ko
  SIGN    /lib/modules/6.17.8/kernel/arch/x86/crypto/ghash-clmulni-intel.ko
  INSTALL /lib/modules/6.17.8/kernel/arch/x86/crypto/polyval-clmulni.ko
  SIGN    /lib/modules/6.17.8/kernel/arch/x86/crypto/polyval-clmulni.ko
  INSTALL /lib/modules/6.17.8/kernel/arch/x86/kvm/kvm.ko
  SIGN    /lib/modules/6.17.8/kernel/arch/x86/kvm/kvm.ko
  INSTALL /lib/modules/6.17.8/kernel/arch/x86/kvm/kvm-intel.ko
  SIGN    /lib/modules/6.17.8/kernel/arch/x86/kvm/kvm-intel.ko
  INSTALL /lib/modules/6.17.8/kernel/arch/x86/kvm/kvm-amd.ko
  SIGN    /lib/modules/6.17.8/kernel/arch/x86/kvm/kvm-amd.ko
  INSTALL /lib/modules/6.17.8/kernel/kernel/configs.ko
  SIGN    /lib/modules/6.17.8/kernel/kernel/configs.ko
  INSTALL /lib/modules/6.17.8/kernel/fs/nfs_common/grace.ko
  SIGN    /lib/modules/6.17.8/kernel/fs/nfs_common/grace.ko
  INSTALL /lib/modules/6.17.8/kernel/fs/binfmt_misc.ko
  SIGN    /lib/modules/6.17.8/kernel/fs/binfmt_misc.ko
  INSTALL /lib/modules/6.17.8/kernel/fs/netfs/netfs.ko
  SIGN    /lib/modules/6.17.8/kernel/fs/netfs/netfs.ko
  INSTALL /lib/modules/6.17.8/kernel/fs/fat/fat.ko
  SIGN    /lib/modules/6.17.8/kernel/fs/fat/fat.ko
  INSTALL /lib/modules/6.17.8/kernel/fs/fat/vfat.ko
  SIGN    /lib/modules/6.17.8/kernel/fs/fat/vfat.ko
  INSTALL /lib/modules/6.17.8/kernel/fs/nfs/nfs.ko
  SIGN    /lib/modules/6.17.8/kernel/fs/nfs/nfs.ko
  INSTALL /lib/modules/6.17.8/kernel/fs/lockd/lockd.ko
  SIGN    /lib/modules/6.17.8/kernel/fs/lockd/lockd.ko
  INSTALL /lib/modules/6.17.8/kernel/fs/fuse/fuse.ko
  SIGN    /lib/modules/6.17.8/kernel/fs/fuse/fuse.ko
  INSTALL /lib/modules/6.17.8/kernel/fs/xfs/xfs.ko
  SIGN    /lib/modules/6.17.8/kernel/fs/xfs/xfs.ko
  INSTALL /lib/modules/6.17.8/kernel/crypto/polyval-generic.ko
  SIGN    /lib/modules/6.17.8/kernel/crypto/polyval-generic.ko
  INSTALL /lib/modules/6.17.8/kernel/lib/kunit/kunit.ko
  SIGN    /lib/modules/6.17.8/kernel/lib/kunit/kunit.ko
  INSTALL /lib/modules/6.17.8/kernel/lib/crc/crc8.ko
  SIGN    /lib/modules/6.17.8/kernel/lib/crc/crc8.ko
  INSTALL /lib/modules/6.17.8/kernel/lib/crypto/libarc4.ko
  SIGN    /lib/modules/6.17.8/kernel/lib/crypto/libarc4.ko
  INSTALL /lib/modules/6.17.8/kernel/drivers/pinctrl/intel/pinctrl-tigerlake.ko
  SIGN    /lib/modules/6.17.8/kernel/drivers/pinctrl/intel/pinctrl-tigerlake.ko
  INSTALL /lib/modules/6.17.8/kernel/drivers/acpi/video.ko
  SIGN    /lib/modules/6.17.8/kernel/drivers/acpi/video.ko
  INSTALL /lib/modules/6.17.8/kernel/drivers/acpi/acpi_tad.ko
  SIGN    /lib/modules/6.17.8/kernel/drivers/acpi/acpi_tad.ko
  INSTALL /lib/modules/6.17.8/kernel/drivers/acpi/platform_profile.ko
  SIGN    /lib/modules/6.17.8/kernel/drivers/acpi/platform_profile.ko
  INSTALL /lib/modules/6.17.8/kernel/drivers/acpi/acpi_pad.ko
  SIGN    /lib/modules/6.17.8/kernel/drivers/acpi/acpi_pad.ko
  INSTALL /lib/modules/6.17.8/kernel/drivers/clk/clk_kunit_helpers.ko
  SIGN    /lib/modules/6.17.8/kernel/drivers/clk/clk_kunit_helpers.ko
  INSTALL /lib/modules/6.17.8/kernel/drivers/dma/dw/dw_dmac.ko
  SIGN    /lib/modules/6.17.8/kernel/drivers/dma/dw/dw_dmac.ko
  INSTALL /lib/modules/6.17.8/kernel/drivers/dma/idma64.ko
  SIGN    /lib/modules/6.17.8/kernel/drivers/dma/idma64.ko
  INSTALL /lib/modules/6.17.8/kernel/drivers/gpu/drm/display/drm_display_helper.ko
  SIGN    /lib/modules/6.17.8/kernel/drivers/gpu/drm/display/drm_display_helper.ko
  INSTALL /lib/modules/6.17.8/kernel/drivers/gpu/drm/drm_exec.ko
  SIGN    /lib/modules/6.17.8/kernel/drivers/gpu/drm/drm_exec.ko
  INSTALL /lib/modules/6.17.8/kernel/drivers/gpu/drm/drm_gpuvm.ko
  SIGN    /lib/modules/6.17.8/kernel/drivers/gpu/drm/drm_gpuvm.ko
  INSTALL /lib/modules/6.17.8/kernel/drivers/gpu/drm/drm_buddy.ko
  SIGN    /lib/modules/6.17.8/kernel/drivers/gpu/drm/drm_buddy.ko
  INSTALL /lib/modules/6.17.8/kernel/drivers/gpu/drm/drm_suballoc_helper.ko
  SIGN    /lib/modules/6.17.8/kernel/drivers/gpu/drm/drm_suballoc_helper.ko
  INSTALL /lib/modules/6.17.8/kernel/drivers/gpu/drm/drm_ttm_helper.ko
  SIGN    /lib/modules/6.17.8/kernel/drivers/gpu/drm/drm_ttm_helper.ko
  INSTALL /lib/modules/6.17.8/kernel/drivers/gpu/drm/ttm/ttm.ko
  SIGN    /lib/modules/6.17.8/kernel/drivers/gpu/drm/ttm/ttm.ko
  INSTALL /lib/modules/6.17.8/kernel/drivers/gpu/drm/scheduler/gpu-sched.ko
  SIGN    /lib/modules/6.17.8/kernel/drivers/gpu/drm/scheduler/gpu-sched.ko
  INSTALL /lib/modules/6.17.8/kernel/drivers/gpu/drm/i915/i915.ko
  SIGN    /lib/modules/6.17.8/kernel/drivers/gpu/drm/i915/i915.ko
  INSTALL /lib/modules/6.17.8/kernel/drivers/gpu/drm/xe/xe.ko
  SIGN    /lib/modules/6.17.8/kernel/drivers/gpu/drm/xe/xe.ko
  INSTALL /lib/modules/6.17.8/kernel/drivers/base/regmap/regmap-spi.ko
  SIGN    /lib/modules/6.17.8/kernel/drivers/base/regmap/regmap-spi.ko
  INSTALL /lib/modules/6.17.8/kernel/drivers/block/loop.ko
  SIGN    /lib/modules/6.17.8/kernel/drivers/block/loop.ko
  INSTALL /lib/modules/6.17.8/kernel/drivers/misc/eeprom/ee1004.ko
  SIGN    /lib/modules/6.17.8/kernel/drivers/misc/eeprom/ee1004.ko
  INSTALL /lib/modules/6.17.8/kernel/drivers/misc/mei/mei.ko
  SIGN    /lib/modules/6.17.8/kernel/drivers/misc/mei/mei.ko
  INSTALL /lib/modules/6.17.8/kernel/drivers/misc/mei/mei-me.ko
  SIGN    /lib/modules/6.17.8/kernel/drivers/misc/mei/mei-me.ko
  INSTALL /lib/modules/6.17.8/kernel/drivers/misc/mei/hdcp/mei_hdcp.ko
  SIGN    /lib/modules/6.17.8/kernel/drivers/misc/mei/hdcp/mei_hdcp.ko
  INSTALL /lib/modules/6.17.8/kernel/drivers/misc/mei/pxp/mei_pxp.ko
  SIGN    /lib/modules/6.17.8/kernel/drivers/misc/mei/pxp/mei_pxp.ko
  INSTALL /lib/modules/6.17.8/kernel/drivers/misc/ntsync.ko
  SIGN    /lib/modules/6.17.8/kernel/drivers/misc/ntsync.ko
  INSTALL /lib/modules/6.17.8/kernel/drivers/mfd/intel_pmc_bxt.ko
  SIGN    /lib/modules/6.17.8/kernel/drivers/mfd/intel_pmc_bxt.ko
  INSTALL /lib/modules/6.17.8/kernel/drivers/nvme/common/nvme-auth.ko
  SIGN    /lib/modules/6.17.8/kernel/drivers/nvme/common/nvme-auth.ko
  INSTALL /lib/modules/6.17.8/kernel/drivers/nvme/common/nvme-keyring.ko
  SIGN    /lib/modules/6.17.8/kernel/drivers/nvme/common/nvme-keyring.ko
  INSTALL /lib/modules/6.17.8/kernel/drivers/nvme/host/nvme-core.ko
  SIGN    /lib/modules/6.17.8/kernel/drivers/nvme/host/nvme-core.ko
  INSTALL /lib/modules/6.17.8/kernel/drivers/nvme/host/nvme.ko
  SIGN    /lib/modules/6.17.8/kernel/drivers/nvme/host/nvme.ko
  INSTALL /lib/modules/6.17.8/kernel/drivers/spi/spi-intel.ko
  SIGN    /lib/modules/6.17.8/kernel/drivers/spi/spi-intel.ko
  INSTALL /lib/modules/6.17.8/kernel/drivers/spi/spi-intel-pci.ko
  SIGN    /lib/modules/6.17.8/kernel/drivers/spi/spi-intel-pci.ko
  INSTALL /lib/modules/6.17.8/kernel/drivers/spi/spi-pxa2xx-core.ko
  SIGN    /lib/modules/6.17.8/kernel/drivers/spi/spi-pxa2xx-core.ko
  INSTALL /lib/modules/6.17.8/kernel/drivers/spi/spi-pxa2xx-platform.ko
  SIGN    /lib/modules/6.17.8/kernel/drivers/spi/spi-pxa2xx-platform.ko
  INSTALL /lib/modules/6.17.8/kernel/drivers/spi/spi-pxa2xx-pci.ko
  SIGN    /lib/modules/6.17.8/kernel/drivers/spi/spi-pxa2xx-pci.ko
  INSTALL /lib/modules/6.17.8/kernel/drivers/net/phy/realtek/realtek.ko
  SIGN    /lib/modules/6.17.8/kernel/drivers/net/phy/realtek/realtek.ko
  INSTALL /lib/modules/6.17.8/kernel/drivers/net/ethernet/realtek/r8169.ko
  SIGN    /lib/modules/6.17.8/kernel/drivers/net/ethernet/realtek/r8169.ko
  INSTALL /lib/modules/6.17.8/kernel/drivers/net/wireless/realtek/rtw89/rtw89_core.ko
  SIGN    /lib/modules/6.17.8/kernel/drivers/net/wireless/realtek/rtw89/rtw89_core.ko
  INSTALL /lib/modules/6.17.8/kernel/drivers/net/wireless/realtek/rtw89/rtw89_8852b_common.ko
  SIGN    /lib/modules/6.17.8/kernel/drivers/net/wireless/realtek/rtw89/rtw89_8852b_common.ko
  INSTALL /lib/modules/6.17.8/kernel/drivers/net/wireless/realtek/rtw89/rtw89_8852b.ko
  SIGN    /lib/modules/6.17.8/kernel/drivers/net/wireless/realtek/rtw89/rtw89_8852b.ko
  INSTALL /lib/modules/6.17.8/kernel/drivers/net/wireless/realtek/rtw89/rtw89_8852be.ko
  SIGN    /lib/modules/6.17.8/kernel/drivers/net/wireless/realtek/rtw89/rtw89_8852be.ko
  INSTALL /lib/modules/6.17.8/kernel/drivers/net/wireless/realtek/rtw89/rtw89_pci.ko
  SIGN    /lib/modules/6.17.8/kernel/drivers/net/wireless/realtek/rtw89/rtw89_pci.ko
  INSTALL /lib/modules/6.17.8/kernel/drivers/usb/storage/uas.ko
  SIGN    /lib/modules/6.17.8/kernel/drivers/usb/storage/uas.ko
  INSTALL /lib/modules/6.17.8/kernel/drivers/usb/storage/usb-storage.ko
  SIGN    /lib/modules/6.17.8/kernel/drivers/usb/storage/usb-storage.ko
  INSTALL /lib/modules/6.17.8/kernel/drivers/usb/typec/typec.ko
  SIGN    /lib/modules/6.17.8/kernel/drivers/usb/typec/typec.ko
  INSTALL /lib/modules/6.17.8/kernel/drivers/usb/typec/ucsi/typec_ucsi.ko
  SIGN    /lib/modules/6.17.8/kernel/drivers/usb/typec/ucsi/typec_ucsi.ko
  INSTALL /lib/modules/6.17.8/kernel/drivers/usb/typec/ucsi/ucsi_acpi.ko
  SIGN    /lib/modules/6.17.8/kernel/drivers/usb/typec/ucsi/ucsi_acpi.ko
  INSTALL /lib/modules/6.17.8/kernel/drivers/input/serio/serio_raw.ko
  SIGN    /lib/modules/6.17.8/kernel/drivers/input/serio/serio_raw.ko
  INSTALL /lib/modules/6.17.8/kernel/drivers/input/misc/pcspkr.ko
  SIGN    /lib/modules/6.17.8/kernel/drivers/input/misc/pcspkr.ko
  INSTALL /lib/modules/6.17.8/kernel/drivers/input/misc/uinput.ko
  SIGN    /lib/modules/6.17.8/kernel/drivers/input/misc/uinput.ko
  INSTALL /lib/modules/6.17.8/kernel/drivers/input/sparse-keymap.ko
  SIGN    /lib/modules/6.17.8/kernel/drivers/input/sparse-keymap.ko
  INSTALL /lib/modules/6.17.8/kernel/drivers/input/joydev.ko
  SIGN    /lib/modules/6.17.8/kernel/drivers/input/joydev.ko
  INSTALL /lib/modules/6.17.8/kernel/drivers/i2c/algos/i2c-algo-bit.ko
  SIGN    /lib/modules/6.17.8/kernel/drivers/i2c/algos/i2c-algo-bit.ko
  INSTALL /lib/modules/6.17.8/kernel/drivers/i2c/busses/i2c-i801.ko
  SIGN    /lib/modules/6.17.8/kernel/drivers/i2c/busses/i2c-i801.ko
  INSTALL /lib/modules/6.17.8/kernel/drivers/i2c/i2c-smbus.ko
  SIGN    /lib/modules/6.17.8/kernel/drivers/i2c/i2c-smbus.ko
  INSTALL /lib/modules/6.17.8/kernel/drivers/i2c/i2c-dev.ko
  SIGN    /lib/modules/6.17.8/kernel/drivers/i2c/i2c-dev.ko
  INSTALL /lib/modules/6.17.8/kernel/drivers/i2c/i2c-mux.ko
  SIGN    /lib/modules/6.17.8/kernel/drivers/i2c/i2c-mux.ko
  INSTALL /lib/modules/6.17.8/kernel/drivers/media/tuners/mc44s803.ko
  SIGN    /lib/modules/6.17.8/kernel/drivers/media/tuners/mc44s803.ko
  INSTALL /lib/modules/6.17.8/kernel/drivers/media/tuners/mt20xx.ko
  SIGN    /lib/modules/6.17.8/kernel/drivers/media/tuners/mt20xx.ko
  INSTALL /lib/modules/6.17.8/kernel/drivers/media/tuners/tuner-simple.ko
  SIGN    /lib/modules/6.17.8/kernel/drivers/media/tuners/tuner-simple.ko
  INSTALL /lib/modules/6.17.8/kernel/drivers/media/tuners/tuner-types.ko
  SIGN    /lib/modules/6.17.8/kernel/drivers/media/tuners/tuner-types.ko
  INSTALL /lib/modules/6.17.8/kernel/drivers/media/tuners/tda18271.ko
  SIGN    /lib/modules/6.17.8/kernel/drivers/media/tuners/tda18271.ko
  INSTALL /lib/modules/6.17.8/kernel/drivers/media/tuners/tda827x.ko
  SIGN    /lib/modules/6.17.8/kernel/drivers/media/tuners/tda827x.ko
  INSTALL /lib/modules/6.17.8/kernel/drivers/media/tuners/tda8290.ko
  SIGN    /lib/modules/6.17.8/kernel/drivers/media/tuners/tda8290.ko
  INSTALL /lib/modules/6.17.8/kernel/drivers/media/tuners/tda9887.ko
  SIGN    /lib/modules/6.17.8/kernel/drivers/media/tuners/tda9887.ko
  INSTALL /lib/modules/6.17.8/kernel/drivers/media/tuners/tea5761.ko
  SIGN    /lib/modules/6.17.8/kernel/drivers/media/tuners/tea5761.ko
  INSTALL /lib/modules/6.17.8/kernel/drivers/media/tuners/tea5767.ko
  SIGN    /lib/modules/6.17.8/kernel/drivers/media/tuners/tea5767.ko
  INSTALL /lib/modules/6.17.8/kernel/drivers/media/tuners/xc2028.ko
  SIGN    /lib/modules/6.17.8/kernel/drivers/media/tuners/xc2028.ko
  INSTALL /lib/modules/6.17.8/kernel/drivers/media/tuners/xc4000.ko
  SIGN    /lib/modules/6.17.8/kernel/drivers/media/tuners/xc4000.ko
  INSTALL /lib/modules/6.17.8/kernel/drivers/media/tuners/xc5000.ko
  SIGN    /lib/modules/6.17.8/kernel/drivers/media/tuners/xc5000.ko
  INSTALL /lib/modules/6.17.8/kernel/drivers/media/common/videobuf2/videobuf2-common.ko
  SIGN    /lib/modules/6.17.8/kernel/drivers/media/common/videobuf2/videobuf2-common.ko
  INSTALL /lib/modules/6.17.8/kernel/drivers/media/common/videobuf2/videobuf2-memops.ko
  SIGN    /lib/modules/6.17.8/kernel/drivers/media/common/videobuf2/videobuf2-memops.ko
  INSTALL /lib/modules/6.17.8/kernel/drivers/media/common/videobuf2/videobuf2-v4l2.ko
  SIGN    /lib/modules/6.17.8/kernel/drivers/media/common/videobuf2/videobuf2-v4l2.ko
  INSTALL /lib/modules/6.17.8/kernel/drivers/media/common/videobuf2/videobuf2-vmalloc.ko
  SIGN    /lib/modules/6.17.8/kernel/drivers/media/common/videobuf2/videobuf2-vmalloc.ko
  INSTALL /lib/modules/6.17.8/kernel/drivers/media/common/uvc.ko
  SIGN    /lib/modules/6.17.8/kernel/drivers/media/common/uvc.ko
  INSTALL /lib/modules/6.17.8/kernel/drivers/media/usb/uvc/uvcvideo.ko
  SIGN    /lib/modules/6.17.8/kernel/drivers/media/usb/uvc/uvcvideo.ko
  INSTALL /lib/modules/6.17.8/kernel/drivers/media/mc/mc.ko
  SIGN    /lib/modules/6.17.8/kernel/drivers/media/mc/mc.ko
  INSTALL /lib/modules/6.17.8/kernel/drivers/media/v4l2-core/v4l2-async.ko
  SIGN    /lib/modules/6.17.8/kernel/drivers/media/v4l2-core/v4l2-async.ko
  INSTALL /lib/modules/6.17.8/kernel/drivers/media/v4l2-core/v4l2-fwnode.ko
  SIGN    /lib/modules/6.17.8/kernel/drivers/media/v4l2-core/v4l2-fwnode.ko
  INSTALL /lib/modules/6.17.8/kernel/drivers/media/v4l2-core/v4l2-dv-timings.ko
  SIGN    /lib/modules/6.17.8/kernel/drivers/media/v4l2-core/v4l2-dv-timings.ko
  INSTALL /lib/modules/6.17.8/kernel/drivers/media/v4l2-core/videodev.ko
  SIGN    /lib/modules/6.17.8/kernel/drivers/media/v4l2-core/videodev.ko
  INSTALL /lib/modules/6.17.8/kernel/drivers/media/dvb-core/dvb-core.ko
  SIGN    /lib/modules/6.17.8/kernel/drivers/media/dvb-core/dvb-core.ko
  INSTALL /lib/modules/6.17.8/kernel/drivers/media/cec/core/cec.ko
  SIGN    /lib/modules/6.17.8/kernel/drivers/media/cec/core/cec.ko
  INSTALL /lib/modules/6.17.8/kernel/drivers/hwmon/coretemp.ko
  SIGN    /lib/modules/6.17.8/kernel/drivers/hwmon/coretemp.ko
  INSTALL /lib/modules/6.17.8/kernel/drivers/thermal/intel/intel_powerclamp.ko
  SIGN    /lib/modules/6.17.8/kernel/drivers/thermal/intel/intel_powerclamp.ko
  INSTALL /lib/modules/6.17.8/kernel/drivers/thermal/intel/x86_pkg_temp_thermal.ko
  SIGN    /lib/modules/6.17.8/kernel/drivers/thermal/intel/x86_pkg_temp_thermal.ko
  INSTALL /lib/modules/6.17.8/kernel/drivers/thermal/intel/intel_soc_dts_iosf.ko
  SIGN    /lib/modules/6.17.8/kernel/drivers/thermal/intel/intel_soc_dts_iosf.ko
  INSTALL /lib/modules/6.17.8/kernel/drivers/thermal/intel/int340x_thermal/int3400_thermal.ko
  SIGN    /lib/modules/6.17.8/kernel/drivers/thermal/intel/int340x_thermal/int3400_thermal.ko
  INSTALL /lib/modules/6.17.8/kernel/drivers/thermal/intel/int340x_thermal/int340x_thermal_zone.ko
  SIGN    /lib/modules/6.17.8/kernel/drivers/thermal/intel/int340x_thermal/int340x_thermal_zone.ko
  INSTALL /lib/modules/6.17.8/kernel/drivers/thermal/intel/int340x_thermal/int3402_thermal.ko
  SIGN    /lib/modules/6.17.8/kernel/drivers/thermal/intel/int340x_thermal/int3402_thermal.ko
  INSTALL /lib/modules/6.17.8/kernel/drivers/thermal/intel/int340x_thermal/int3403_thermal.ko
  SIGN    /lib/modules/6.17.8/kernel/drivers/thermal/intel/int340x_thermal/int3403_thermal.ko
  INSTALL /lib/modules/6.17.8/kernel/drivers/thermal/intel/int340x_thermal/processor_thermal_device.ko
  SIGN    /lib/modules/6.17.8/kernel/drivers/thermal/intel/int340x_thermal/processor_thermal_device.ko
  INSTALL /lib/modules/6.17.8/kernel/drivers/thermal/intel/int340x_thermal/int3401_thermal.ko
  SIGN    /lib/modules/6.17.8/kernel/drivers/thermal/intel/int340x_thermal/int3401_thermal.ko
  INSTALL /lib/modules/6.17.8/kernel/drivers/thermal/intel/int340x_thermal/processor_thermal_device_pci_legacy.ko
  SIGN    /lib/modules/6.17.8/kernel/drivers/thermal/intel/int340x_thermal/processor_thermal_device_pci_legacy.ko
  INSTALL /lib/modules/6.17.8/kernel/drivers/thermal/intel/int340x_thermal/processor_thermal_device_pci.ko
  SIGN    /lib/modules/6.17.8/kernel/drivers/thermal/intel/int340x_thermal/processor_thermal_device_pci.ko
  INSTALL /lib/modules/6.17.8/kernel/drivers/thermal/intel/int340x_thermal/processor_thermal_rapl.ko
  SIGN    /lib/modules/6.17.8/kernel/drivers/thermal/intel/int340x_thermal/processor_thermal_rapl.ko
  INSTALL /lib/modules/6.17.8/kernel/drivers/thermal/intel/int340x_thermal/processor_thermal_rfim.ko
  SIGN    /lib/modules/6.17.8/kernel/drivers/thermal/intel/int340x_thermal/processor_thermal_rfim.ko
  INSTALL /lib/modules/6.17.8/kernel/drivers/thermal/intel/int340x_thermal/platform_temperature_control.ko
  SIGN    /lib/modules/6.17.8/kernel/drivers/thermal/intel/int340x_thermal/platform_temperature_control.ko
  INSTALL /lib/modules/6.17.8/kernel/drivers/thermal/intel/int340x_thermal/processor_thermal_mbox.ko
  SIGN    /lib/modules/6.17.8/kernel/drivers/thermal/intel/int340x_thermal/processor_thermal_mbox.ko
  INSTALL /lib/modules/6.17.8/kernel/drivers/thermal/intel/int340x_thermal/processor_thermal_wt_req.ko
  SIGN    /lib/modules/6.17.8/kernel/drivers/thermal/intel/int340x_thermal/processor_thermal_wt_req.ko
  INSTALL /lib/modules/6.17.8/kernel/drivers/thermal/intel/int340x_thermal/processor_thermal_wt_hint.ko
  SIGN    /lib/modules/6.17.8/kernel/drivers/thermal/intel/int340x_thermal/processor_thermal_wt_hint.ko
  INSTALL /lib/modules/6.17.8/kernel/drivers/thermal/intel/int340x_thermal/processor_thermal_power_floor.ko
  SIGN    /lib/modules/6.17.8/kernel/drivers/thermal/intel/int340x_thermal/processor_thermal_power_floor.ko
  INSTALL /lib/modules/6.17.8/kernel/drivers/thermal/intel/int340x_thermal/acpi_thermal_rel.ko
  SIGN    /lib/modules/6.17.8/kernel/drivers/thermal/intel/int340x_thermal/acpi_thermal_rel.ko
  INSTALL /lib/modules/6.17.8/kernel/drivers/watchdog/iTCO_wdt.ko
  SIGN    /lib/modules/6.17.8/kernel/drivers/watchdog/iTCO_wdt.ko
  INSTALL /lib/modules/6.17.8/kernel/drivers/watchdog/iTCO_vendor_support.ko
  SIGN    /lib/modules/6.17.8/kernel/drivers/watchdog/iTCO_vendor_support.ko
  INSTALL /lib/modules/6.17.8/kernel/drivers/watchdog/intel_oc_wdt.ko
  SIGN    /lib/modules/6.17.8/kernel/drivers/watchdog/intel_oc_wdt.ko
  INSTALL /lib/modules/6.17.8/kernel/drivers/hid/hid-multitouch.ko
  SIGN    /lib/modules/6.17.8/kernel/drivers/hid/hid-multitouch.ko
  INSTALL /lib/modules/6.17.8/kernel/drivers/hid/i2c-hid/i2c-hid.ko
  SIGN    /lib/modules/6.17.8/kernel/drivers/hid/i2c-hid/i2c-hid.ko
  INSTALL /lib/modules/6.17.8/kernel/drivers/hid/i2c-hid/i2c-hid-acpi.ko
  SIGN    /lib/modules/6.17.8/kernel/drivers/hid/i2c-hid/i2c-hid-acpi.ko
  INSTALL /lib/modules/6.17.8/kernel/drivers/platform/x86/hp/hp-wmi.ko
  SIGN    /lib/modules/6.17.8/kernel/drivers/platform/x86/hp/hp-wmi.ko
  INSTALL /lib/modules/6.17.8/kernel/drivers/platform/x86/intel/pmc/intel_pmc_core.ko
  SIGN    /lib/modules/6.17.8/kernel/drivers/platform/x86/intel/pmc/intel_pmc_core.ko
  INSTALL /lib/modules/6.17.8/kernel/drivers/platform/x86/intel/pmc/intel_pmc_core_pltdrv.ko
  SIGN    /lib/modules/6.17.8/kernel/drivers/platform/x86/intel/pmc/intel_pmc_core_pltdrv.ko
  INSTALL /lib/modules/6.17.8/kernel/drivers/platform/x86/intel/pmc/intel_pmc_ssram_telemetry.ko
  SIGN    /lib/modules/6.17.8/kernel/drivers/platform/x86/intel/pmc/intel_pmc_ssram_telemetry.ko
  INSTALL /lib/modules/6.17.8/kernel/drivers/platform/x86/intel/pmt/pmt_class.ko
  SIGN    /lib/modules/6.17.8/kernel/drivers/platform/x86/intel/pmt/pmt_class.ko
  INSTALL /lib/modules/6.17.8/kernel/drivers/platform/x86/intel/pmt/pmt_telemetry.ko
  SIGN    /lib/modules/6.17.8/kernel/drivers/platform/x86/intel/pmt/pmt_telemetry.ko
  INSTALL /lib/modules/6.17.8/kernel/drivers/platform/x86/intel/pmt/pmt_discovery.ko
  SIGN    /lib/modules/6.17.8/kernel/drivers/platform/x86/intel/pmt/pmt_discovery.ko
  INSTALL /lib/modules/6.17.8/kernel/drivers/platform/x86/intel/uncore-frequency/intel-uncore-frequency.ko
  SIGN    /lib/modules/6.17.8/kernel/drivers/platform/x86/intel/uncore-frequency/intel-uncore-frequency.ko
  INSTALL /lib/modules/6.17.8/kernel/drivers/platform/x86/intel/uncore-frequency/intel-uncore-frequency-common.ko
  SIGN    /lib/modules/6.17.8/kernel/drivers/platform/x86/intel/uncore-frequency/intel-uncore-frequency-common.ko
  INSTALL /lib/modules/6.17.8/kernel/drivers/platform/x86/intel/intel-vsec.ko
  SIGN    /lib/modules/6.17.8/kernel/drivers/platform/x86/intel/intel-vsec.ko
  INSTALL /lib/modules/6.17.8/kernel/drivers/platform/x86/wmi.ko
  SIGN    /lib/modules/6.17.8/kernel/drivers/platform/x86/wmi.ko
  INSTALL /lib/modules/6.17.8/kernel/drivers/platform/x86/wmi-bmof.ko
  SIGN    /lib/modules/6.17.8/kernel/drivers/platform/x86/wmi-bmof.ko
  INSTALL /lib/modules/6.17.8/kernel/drivers/powercap/intel_rapl_common.ko
  SIGN    /lib/modules/6.17.8/kernel/drivers/powercap/intel_rapl_common.ko
  INSTALL /lib/modules/6.17.8/kernel/drivers/powercap/intel_rapl_msr.ko
  SIGN    /lib/modules/6.17.8/kernel/drivers/powercap/intel_rapl_msr.ko
  INSTALL /lib/modules/6.17.8/kernel/drivers/mtd/chips/chipreg.ko
  SIGN    /lib/modules/6.17.8/kernel/drivers/mtd/chips/chipreg.ko
  INSTALL /lib/modules/6.17.8/kernel/drivers/mtd/nand/nandcore.ko
  SIGN    /lib/modules/6.17.8/kernel/drivers/mtd/nand/nandcore.ko
  INSTALL /lib/modules/6.17.8/kernel/drivers/mtd/mtd.ko
  SIGN    /lib/modules/6.17.8/kernel/drivers/mtd/mtd.ko
  INSTALL /lib/modules/6.17.8/kernel/drivers/mtd/spi-nor/spi-nor.ko
  SIGN    /lib/modules/6.17.8/kernel/drivers/mtd/spi-nor/spi-nor.ko
  INSTALL /lib/modules/6.17.8/kernel/drivers/bluetooth/btusb.ko
  SIGN    /lib/modules/6.17.8/kernel/drivers/bluetooth/btusb.ko
  INSTALL /lib/modules/6.17.8/kernel/drivers/bluetooth/btintel.ko
  SIGN    /lib/modules/6.17.8/kernel/drivers/bluetooth/btintel.ko
  INSTALL /lib/modules/6.17.8/kernel/drivers/bluetooth/btintel_pcie.ko
  SIGN    /lib/modules/6.17.8/kernel/drivers/bluetooth/btintel_pcie.ko
  INSTALL /lib/modules/6.17.8/kernel/drivers/bluetooth/btbcm.ko
  SIGN    /lib/modules/6.17.8/kernel/drivers/bluetooth/btbcm.ko
  INSTALL /lib/modules/6.17.8/kernel/drivers/bluetooth/btrtl.ko
  SIGN    /lib/modules/6.17.8/kernel/drivers/bluetooth/btrtl.ko
  INSTALL /lib/modules/6.17.8/kernel/drivers/bluetooth/btmtk.ko
  SIGN    /lib/modules/6.17.8/kernel/drivers/bluetooth/btmtk.ko
  INSTALL /lib/modules/6.17.8/kernel/drivers/soundwire/soundwire-bus.ko
  SIGN    /lib/modules/6.17.8/kernel/drivers/soundwire/soundwire-bus.ko
  INSTALL /lib/modules/6.17.8/kernel/drivers/soundwire/soundwire-generic-allocation.ko
  SIGN    /lib/modules/6.17.8/kernel/drivers/soundwire/soundwire-generic-allocation.ko
  INSTALL /lib/modules/6.17.8/kernel/drivers/soundwire/soundwire-amd.ko
  SIGN    /lib/modules/6.17.8/kernel/drivers/soundwire/soundwire-amd.ko
  INSTALL /lib/modules/6.17.8/kernel/drivers/soundwire/soundwire-cadence.ko
  SIGN    /lib/modules/6.17.8/kernel/drivers/soundwire/soundwire-cadence.ko
  INSTALL /lib/modules/6.17.8/kernel/drivers/soundwire/soundwire-intel.ko
  SIGN    /lib/modules/6.17.8/kernel/drivers/soundwire/soundwire-intel.ko
  INSTALL /lib/modules/6.17.8/kernel/drivers/thunderbolt/thunderbolt.ko
  SIGN    /lib/modules/6.17.8/kernel/drivers/thunderbolt/thunderbolt.ko
  INSTALL /lib/modules/6.17.8/kernel/sound/soundcore.ko
  SIGN    /lib/modules/6.17.8/kernel/sound/soundcore.ko
  INSTALL /lib/modules/6.17.8/kernel/sound/core/snd.ko
  SIGN    /lib/modules/6.17.8/kernel/sound/core/snd.ko
  INSTALL /lib/modules/6.17.8/kernel/sound/core/snd-ctl-led.ko
  SIGN    /lib/modules/6.17.8/kernel/sound/core/snd-ctl-led.ko
  INSTALL /lib/modules/6.17.8/kernel/sound/core/snd-hwdep.ko
  SIGN    /lib/modules/6.17.8/kernel/sound/core/snd-hwdep.ko
  INSTALL /lib/modules/6.17.8/kernel/sound/core/snd-timer.ko
  SIGN    /lib/modules/6.17.8/kernel/sound/core/snd-timer.ko
  INSTALL /lib/modules/6.17.8/kernel/sound/core/snd-hrtimer.ko
  SIGN    /lib/modules/6.17.8/kernel/sound/core/snd-hrtimer.ko
  INSTALL /lib/modules/6.17.8/kernel/sound/core/snd-pcm.ko
  SIGN    /lib/modules/6.17.8/kernel/sound/core/snd-pcm.ko
  INSTALL /lib/modules/6.17.8/kernel/sound/core/snd-seq-device.ko
  SIGN    /lib/modules/6.17.8/kernel/sound/core/snd-seq-device.ko
  INSTALL /lib/modules/6.17.8/kernel/sound/core/seq/snd-seq.ko
  SIGN    /lib/modules/6.17.8/kernel/sound/core/seq/snd-seq.ko
  INSTALL /lib/modules/6.17.8/kernel/sound/core/seq/snd-seq-dummy.ko
  SIGN    /lib/modules/6.17.8/kernel/sound/core/seq/snd-seq-dummy.ko
  INSTALL /lib/modules/6.17.8/kernel/sound/core/snd-compress.ko
  SIGN    /lib/modules/6.17.8/kernel/sound/core/snd-compress.ko
  INSTALL /lib/modules/6.17.8/kernel/sound/soc/snd-soc-acpi.ko
  SIGN    /lib/modules/6.17.8/kernel/sound/soc/snd-soc-acpi.ko
  INSTALL /lib/modules/6.17.8/kernel/sound/soc/snd-soc-core.ko
  SIGN    /lib/modules/6.17.8/kernel/sound/soc/snd-soc-core.ko
  INSTALL /lib/modules/6.17.8/kernel/sound/soc/codecs/snd-soc-dmic.ko
  SIGN    /lib/modules/6.17.8/kernel/sound/soc/codecs/snd-soc-dmic.ko
  INSTALL /lib/modules/6.17.8/kernel/sound/soc/codecs/snd-soc-hdac-hda.ko
  SIGN    /lib/modules/6.17.8/kernel/sound/soc/codecs/snd-soc-hdac-hda.ko
  INSTALL /lib/modules/6.17.8/kernel/sound/soc/codecs/snd-soc-hda-codec.ko
  SIGN    /lib/modules/6.17.8/kernel/sound/soc/codecs/snd-soc-hda-codec.ko
  INSTALL /lib/modules/6.17.8/kernel/sound/soc/amd/acp/snd-soc-acpi-amd-match.ko
  SIGN    /lib/modules/6.17.8/kernel/sound/soc/amd/acp/snd-soc-acpi-amd-match.ko
  INSTALL /lib/modules/6.17.8/kernel/sound/soc/amd/snd-acp-config.ko
  SIGN    /lib/modules/6.17.8/kernel/sound/soc/amd/snd-acp-config.ko
  INSTALL /lib/modules/6.17.8/kernel/sound/soc/intel/common/snd-soc-acpi-intel-match.ko
  SIGN    /lib/modules/6.17.8/kernel/sound/soc/intel/common/snd-soc-acpi-intel-match.ko
  INSTALL /lib/modules/6.17.8/kernel/sound/soc/intel/common/snd-soc-acpi-intel-sdca-quirks.ko
  SIGN    /lib/modules/6.17.8/kernel/sound/soc/intel/common/snd-soc-acpi-intel-sdca-quirks.ko
  INSTALL /lib/modules/6.17.8/kernel/sound/soc/intel/avs/snd-soc-avs.ko
  SIGN    /lib/modules/6.17.8/kernel/sound/soc/intel/avs/snd-soc-avs.ko
  INSTALL /lib/modules/6.17.8/kernel/sound/soc/intel/boards/snd-soc-skl_hda_dsp.ko
  SIGN    /lib/modules/6.17.8/kernel/sound/soc/intel/boards/snd-soc-skl_hda_dsp.ko
  INSTALL /lib/modules/6.17.8/kernel/sound/soc/intel/boards/snd-soc-intel-hda-dsp-common.ko
  SIGN    /lib/modules/6.17.8/kernel/sound/soc/intel/boards/snd-soc-intel-hda-dsp-common.ko
  INSTALL /lib/modules/6.17.8/kernel/sound/soc/intel/boards/snd-soc-intel-sof-board-helpers.ko
  SIGN    /lib/modules/6.17.8/kernel/sound/soc/intel/boards/snd-soc-intel-sof-board-helpers.ko
  INSTALL /lib/modules/6.17.8/kernel/sound/soc/sdca/snd-soc-sdca.ko
  SIGN    /lib/modules/6.17.8/kernel/sound/soc/sdca/snd-soc-sdca.ko
  INSTALL /lib/modules/6.17.8/kernel/sound/soc/sof/intel/snd-sof-intel-hda-common.ko
  SIGN    /lib/modules/6.17.8/kernel/sound/soc/sof/intel/snd-sof-intel-hda-common.ko
  INSTALL /lib/modules/6.17.8/kernel/sound/soc/sof/intel/snd-sof-intel-hda-generic.ko
  SIGN    /lib/modules/6.17.8/kernel/sound/soc/sof/intel/snd-sof-intel-hda-generic.ko
  INSTALL /lib/modules/6.17.8/kernel/sound/soc/sof/intel/snd-sof-intel-hda-mlink.ko
  SIGN    /lib/modules/6.17.8/kernel/sound/soc/sof/intel/snd-sof-intel-hda-mlink.ko
  INSTALL /lib/modules/6.17.8/kernel/sound/soc/sof/intel/snd-sof-intel-hda.ko
  SIGN    /lib/modules/6.17.8/kernel/sound/soc/sof/intel/snd-sof-intel-hda.ko
  INSTALL /lib/modules/6.17.8/kernel/sound/soc/sof/intel/snd-sof-pci-intel-cnl.ko
  SIGN    /lib/modules/6.17.8/kernel/sound/soc/sof/intel/snd-sof-pci-intel-cnl.ko
  INSTALL /lib/modules/6.17.8/kernel/sound/soc/sof/intel/snd-sof-pci-intel-tgl.ko
  SIGN    /lib/modules/6.17.8/kernel/sound/soc/sof/intel/snd-sof-pci-intel-tgl.ko
  INSTALL /lib/modules/6.17.8/kernel/sound/soc/sof/intel/snd-sof-pci-intel-mtl.ko
  SIGN    /lib/modules/6.17.8/kernel/sound/soc/sof/intel/snd-sof-pci-intel-mtl.ko
  INSTALL /lib/modules/6.17.8/kernel/sound/soc/sof/intel/snd-sof-pci-intel-lnl.ko
  SIGN    /lib/modules/6.17.8/kernel/sound/soc/sof/intel/snd-sof-pci-intel-lnl.ko
  INSTALL /lib/modules/6.17.8/kernel/sound/soc/sof/snd-sof.ko
  SIGN    /lib/modules/6.17.8/kernel/sound/soc/sof/snd-sof.ko
  INSTALL /lib/modules/6.17.8/kernel/sound/soc/sof/snd-sof-utils.ko
  SIGN    /lib/modules/6.17.8/kernel/sound/soc/sof/snd-sof-utils.ko
  INSTALL /lib/modules/6.17.8/kernel/sound/soc/sof/snd-sof-pci.ko
  SIGN    /lib/modules/6.17.8/kernel/sound/soc/sof/snd-sof-pci.ko
  INSTALL /lib/modules/6.17.8/kernel/sound/soc/sof/snd-sof-probes.ko
  SIGN    /lib/modules/6.17.8/kernel/sound/soc/sof/snd-sof-probes.ko
  INSTALL /lib/modules/6.17.8/kernel/sound/soc/sof/amd/snd-sof-amd-acp.ko
  SIGN    /lib/modules/6.17.8/kernel/sound/soc/sof/amd/snd-sof-amd-acp.ko
  INSTALL /lib/modules/6.17.8/kernel/sound/soc/sof/amd/snd-sof-amd-renoir.ko
  SIGN    /lib/modules/6.17.8/kernel/sound/soc/sof/amd/snd-sof-amd-renoir.ko
  INSTALL /lib/modules/6.17.8/kernel/sound/soc/sof/xtensa/snd-sof-xtensa-dsp.ko
  SIGN    /lib/modules/6.17.8/kernel/sound/soc/sof/xtensa/snd-sof-xtensa-dsp.ko
  INSTALL /lib/modules/6.17.8/kernel/sound/hda/core/snd-hda-core.ko
  SIGN    /lib/modules/6.17.8/kernel/sound/hda/core/snd-hda-core.ko
  INSTALL /lib/modules/6.17.8/kernel/sound/hda/core/ext/snd-hda-ext-core.ko
  SIGN    /lib/modules/6.17.8/kernel/sound/hda/core/ext/snd-hda-ext-core.ko
  INSTALL /lib/modules/6.17.8/kernel/sound/hda/core/snd-intel-dspcfg.ko
  SIGN    /lib/modules/6.17.8/kernel/sound/hda/core/snd-intel-dspcfg.ko
  INSTALL /lib/modules/6.17.8/kernel/sound/hda/core/snd-intel-sdw-acpi.ko
  SIGN    /lib/modules/6.17.8/kernel/sound/hda/core/snd-intel-sdw-acpi.ko
  INSTALL /lib/modules/6.17.8/kernel/sound/hda/common/snd-hda-codec.ko
  SIGN    /lib/modules/6.17.8/kernel/sound/hda/common/snd-hda-codec.ko
  INSTALL /lib/modules/6.17.8/kernel/sound/hda/codecs/hdmi/snd-hda-codec-hdmi.ko
  SIGN    /lib/modules/6.17.8/kernel/sound/hda/codecs/hdmi/snd-hda-codec-hdmi.ko
  INSTALL /lib/modules/6.17.8/kernel/sound/hda/codecs/hdmi/snd-hda-codec-intelhdmi.ko
  SIGN    /lib/modules/6.17.8/kernel/sound/hda/codecs/hdmi/snd-hda-codec-intelhdmi.ko
  INSTALL /lib/modules/6.17.8/kernel/sound/hda/codecs/realtek/snd-hda-codec-realtek-lib.ko
  SIGN    /lib/modules/6.17.8/kernel/sound/hda/codecs/realtek/snd-hda-codec-realtek-lib.ko
  INSTALL /lib/modules/6.17.8/kernel/sound/hda/codecs/realtek/snd-hda-codec-alc269.ko
  SIGN    /lib/modules/6.17.8/kernel/sound/hda/codecs/realtek/snd-hda-codec-alc269.ko
  INSTALL /lib/modules/6.17.8/kernel/sound/hda/codecs/side-codecs/snd-hda-scodec-component.ko
  SIGN    /lib/modules/6.17.8/kernel/sound/hda/codecs/side-codecs/snd-hda-scodec-component.ko
  INSTALL /lib/modules/6.17.8/kernel/sound/hda/codecs/snd-hda-codec-generic.ko
  SIGN    /lib/modules/6.17.8/kernel/sound/hda/codecs/snd-hda-codec-generic.ko
  INSTALL /lib/modules/6.17.8/kernel/sound/hda/controllers/snd-hda-intel.ko
  SIGN    /lib/modules/6.17.8/kernel/sound/hda/controllers/snd-hda-intel.ko
  INSTALL /lib/modules/6.17.8/kernel/net/netfilter/nfnetlink.ko
  SIGN    /lib/modules/6.17.8/kernel/net/netfilter/nfnetlink.ko
  INSTALL /lib/modules/6.17.8/kernel/net/netfilter/nf_conntrack.ko
  SIGN    /lib/modules/6.17.8/kernel/net/netfilter/nf_conntrack.ko
  INSTALL /lib/modules/6.17.8/kernel/net/netfilter/nf_nat.ko
  SIGN    /lib/modules/6.17.8/kernel/net/netfilter/nf_nat.ko
  INSTALL /lib/modules/6.17.8/kernel/net/netfilter/nf_tables.ko
  SIGN    /lib/modules/6.17.8/kernel/net/netfilter/nf_tables.ko
  INSTALL /lib/modules/6.17.8/kernel/net/netfilter/nft_ct.ko
  SIGN    /lib/modules/6.17.8/kernel/net/netfilter/nft_ct.ko
  INSTALL /lib/modules/6.17.8/kernel/net/netfilter/nft_nat.ko
  SIGN    /lib/modules/6.17.8/kernel/net/netfilter/nft_nat.ko
  INSTALL /lib/modules/6.17.8/kernel/net/netfilter/nft_reject.ko
  SIGN    /lib/modules/6.17.8/kernel/net/netfilter/nft_reject.ko
  INSTALL /lib/modules/6.17.8/kernel/net/netfilter/nft_reject_inet.ko
  SIGN    /lib/modules/6.17.8/kernel/net/netfilter/nft_reject_inet.ko
  INSTALL /lib/modules/6.17.8/kernel/net/netfilter/nft_fib.ko
  SIGN    /lib/modules/6.17.8/kernel/net/netfilter/nft_fib.ko
  INSTALL /lib/modules/6.17.8/kernel/net/netfilter/nft_fib_inet.ko
  SIGN    /lib/modules/6.17.8/kernel/net/netfilter/nft_fib_inet.ko
  INSTALL /lib/modules/6.17.8/kernel/net/netfilter/nft_chain_nat.ko
  SIGN    /lib/modules/6.17.8/kernel/net/netfilter/nft_chain_nat.ko
  INSTALL /lib/modules/6.17.8/kernel/net/ipv4/netfilter/nf_defrag_ipv4.ko
  SIGN    /lib/modules/6.17.8/kernel/net/ipv4/netfilter/nf_defrag_ipv4.ko
  INSTALL /lib/modules/6.17.8/kernel/net/ipv4/netfilter/nf_reject_ipv4.ko
  SIGN    /lib/modules/6.17.8/kernel/net/ipv4/netfilter/nf_reject_ipv4.ko
  INSTALL /lib/modules/6.17.8/kernel/net/ipv4/netfilter/nft_reject_ipv4.ko
  SIGN    /lib/modules/6.17.8/kernel/net/ipv4/netfilter/nft_reject_ipv4.ko
  INSTALL /lib/modules/6.17.8/kernel/net/ipv4/netfilter/nft_fib_ipv4.ko
  SIGN    /lib/modules/6.17.8/kernel/net/ipv4/netfilter/nft_fib_ipv4.ko
  INSTALL /lib/modules/6.17.8/kernel/net/ipv6/netfilter/nf_defrag_ipv6.ko
  SIGN    /lib/modules/6.17.8/kernel/net/ipv6/netfilter/nf_defrag_ipv6.ko
  INSTALL /lib/modules/6.17.8/kernel/net/ipv6/netfilter/nf_reject_ipv6.ko
  SIGN    /lib/modules/6.17.8/kernel/net/ipv6/netfilter/nf_reject_ipv6.ko
  INSTALL /lib/modules/6.17.8/kernel/net/ipv6/netfilter/nft_reject_ipv6.ko
  SIGN    /lib/modules/6.17.8/kernel/net/ipv6/netfilter/nft_reject_ipv6.ko
  INSTALL /lib/modules/6.17.8/kernel/net/ipv6/netfilter/nft_fib_ipv6.ko
  SIGN    /lib/modules/6.17.8/kernel/net/ipv6/netfilter/nft_fib_ipv6.ko
  INSTALL /lib/modules/6.17.8/kernel/net/wireless/cfg80211.ko
  SIGN    /lib/modules/6.17.8/kernel/net/wireless/cfg80211.ko
  INSTALL /lib/modules/6.17.8/kernel/net/bluetooth/bluetooth.ko
  SIGN    /lib/modules/6.17.8/kernel/net/bluetooth/bluetooth.ko
  INSTALL /lib/modules/6.17.8/kernel/net/bluetooth/rfcomm/rfcomm.ko
  SIGN    /lib/modules/6.17.8/kernel/net/bluetooth/rfcomm/rfcomm.ko
  INSTALL /lib/modules/6.17.8/kernel/net/bluetooth/bnep/bnep.ko
  SIGN    /lib/modules/6.17.8/kernel/net/bluetooth/bnep/bnep.ko
  INSTALL /lib/modules/6.17.8/kernel/net/sunrpc/sunrpc.ko
  SIGN    /lib/modules/6.17.8/kernel/net/sunrpc/sunrpc.ko
  INSTALL /lib/modules/6.17.8/kernel/net/mac80211/mac80211.ko
  SIGN    /lib/modules/6.17.8/kernel/net/mac80211/mac80211.ko
  INSTALL /lib/modules/6.17.8/kernel/net/rfkill/rfkill.ko
  SIGN    /lib/modules/6.17.8/kernel/net/rfkill/rfkill.ko
  INSTALL /lib/modules/6.17.8/kernel/net/qrtr/qrtr.ko
  SIGN    /lib/modules/6.17.8/kernel/net/qrtr/qrtr.ko
  INSTALL /lib/modules/6.17.8/kernel/virt/lib/irqbypass.ko
  SIGN    /lib/modules/6.17.8/kernel/virt/lib/irqbypass.ko
  DEPMOD  /lib/modules/6.17.8
Installing kernel...
  INSTALL /boot
Kernel build and installation complete!
